C:\USERS\KRIN\DESKTOP\SHADERASS1 11-12 - COPY\DEBUG\BASEMATH.OBJ
C:\USERS\KRIN\DESKTOP\SHADERASS1 11-12 - COPY\DEBUG\CAMERA.OBJ
C:\USERS\KRIN\DESKTOP\SHADERASS1 11-12 - COPY\DEBUG\CFATALEXCEPTION.OBJ
C:\USERS\KRIN\DESKTOP\SHADERASS1 11-12 - COPY\DEBUG\CIMPORTXFILE.OBJ
C:\Users\Krin\Desktop\ShaderAss1 11-12 - Copy\Debug\cl.command.1.tlog
C:\Users\Krin\Desktop\ShaderAss1 11-12 - Copy\Debug\CL.read.1.tlog
C:\Users\Krin\Desktop\ShaderAss1 11-12 - Copy\Debug\CL.write.1.tlog
C:\USERS\KRIN\DESKTOP\SHADERASS1 11-12 - COPY\DEBUG\CMATRIX2X2.OBJ
C:\USERS\KRIN\DESKTOP\SHADERASS1 11-12 - COPY\DEBUG\CMATRIX3X3.OBJ
C:\USERS\KRIN\DESKTOP\SHADERASS1 11-12 - COPY\DEBUG\CMATRIX4X4.OBJ
C:\USERS\KRIN\DESKTOP\SHADERASS1 11-12 - COPY\DEBUG\CQUATERNION.OBJ
C:\USERS\KRIN\DESKTOP\SHADERASS1 11-12 - COPY\DEBUG\CQUATTRANSFORM.OBJ
C:\USERS\KRIN\DESKTOP\SHADERASS1 11-12 - COPY\DEBUG\CTIMER.OBJ
C:\USERS\KRIN\DESKTOP\SHADERASS1 11-12 - COPY\DEBUG\CVECTOR2.OBJ
C:\USERS\KRIN\DESKTOP\SHADERASS1 11-12 - COPY\DEBUG\CVECTOR3.OBJ
C:\USERS\KRIN\DESKTOP\SHADERASS1 11-12 - COPY\DEBUG\CVECTOR4.OBJ
C:\USERS\KRIN\DESKTOP\SHADERASS1 11-12 - COPY\DEBUG\GRAPHICSASSIGN1.EXE
C:\USERS\KRIN\DESKTOP\SHADERASS1 11-12 - COPY\DEBUG\GRAPHICSASSIGN1.ILK
C:\USERS\KRIN\DESKTOP\SHADERASS1 11-12 - COPY\DEBUG\GRAPHICSASSIGN1.OBJ
C:\USERS\KRIN\DESKTOP\SHADERASS1 11-12 - COPY\DEBUG\GRAPHICSASSIGN1.PDB
C:\USERS\KRIN\DESKTOP\SHADERASS1 11-12 - COPY\DEBUG\GRAPHICSASSIGN1.RES
C:\USERS\KRIN\DESKTOP\SHADERASS1 11-12 - COPY\DEBUG\INPUT.OBJ
C:\Users\Krin\Desktop\ShaderAss1 11-12 - Copy\Debug\link.3084.read.1.tlog
C:\Users\Krin\Desktop\ShaderAss1 11-12 - Copy\Debug\link.3084.write.1.tlog
C:\Users\Krin\Desktop\ShaderAss1 11-12 - Copy\Debug\link.3084-cvtres.read.1.tlog
C:\Users\Krin\Desktop\ShaderAss1 11-12 - Copy\Debug\link.3084-cvtres.write.1.tlog
C:\Users\Krin\Desktop\ShaderAss1 11-12 - Copy\Debug\link.4780.read.1.tlog
C:\Users\Krin\Desktop\ShaderAss1 11-12 - Copy\Debug\link.4780.write.1.tlog
C:\Users\Krin\Desktop\ShaderAss1 11-12 - Copy\Debug\link.4780-cvtres.read.1.tlog
C:\Users\Krin\Desktop\ShaderAss1 11-12 - Copy\Debug\link.4780-cvtres.write.1.tlog
C:\Users\Krin\Desktop\ShaderAss1 11-12 - Copy\Debug\link.4800.read.1.tlog
C:\Users\Krin\Desktop\ShaderAss1 11-12 - Copy\Debug\link.4800.write.1.tlog
C:\Users\Krin\Desktop\ShaderAss1 11-12 - Copy\Debug\link.4800-cvtres.read.1.tlog
C:\Users\Krin\Desktop\ShaderAss1 11-12 - Copy\Debug\link.4800-cvtres.write.1.tlog
C:\Users\Krin\Desktop\ShaderAss1 11-12 - Copy\Debug\link.5772.read.1.tlog
C:\Users\Krin\Desktop\ShaderAss1 11-12 - Copy\Debug\link.5772.write.1.tlog
C:\Users\Krin\Desktop\ShaderAss1 11-12 - Copy\Debug\link.5772-cvtres.read.1.tlog
C:\Users\Krin\Desktop\ShaderAss1 11-12 - Copy\Debug\link.5772-cvtres.write.1.tlog
C:\Users\Krin\Desktop\ShaderAss1 11-12 - Copy\Debug\link.6100.read.1.tlog
C:\Users\Krin\Desktop\ShaderAss1 11-12 - Copy\Debug\link.6100.write.1.tlog
C:\Users\Krin\Desktop\ShaderAss1 11-12 - Copy\Debug\link.6100-cvtres.read.1.tlog
C:\Users\Krin\Desktop\ShaderAss1 11-12 - Copy\Debug\link.6100-cvtres.write.1.tlog
C:\Users\Krin\Desktop\ShaderAss1 11-12 - Copy\Debug\link.command.1.tlog
C:\Users\Krin\Desktop\ShaderAss1 11-12 - Copy\Debug\link.read.1.tlog
C:\Users\Krin\Desktop\ShaderAss1 11-12 - Copy\Debug\link.write.1.tlog
C:\Users\Krin\Desktop\ShaderAss1 11-12 - Copy\Debug\link-cvtres.read.1.tlog
C:\Users\Krin\Desktop\ShaderAss1 11-12 - Copy\Debug\link-cvtres.write.1.tlog
C:\USERS\KRIN\DESKTOP\SHADERASS1 11-12 - COPY\DEBUG\MATHIO.OBJ
C:\USERS\KRIN\DESKTOP\SHADERASS1 11-12 - COPY\DEBUG\MODEL.OBJ
C:\USERS\KRIN\DESKTOP\SHADERASS1 11-12 - COPY\DEBUG\MSDEFINES.OBJ
C:\Users\Krin\Desktop\ShaderAss1 11-12 - Copy\Debug\rc.command.1.tlog
C:\Users\Krin\Desktop\ShaderAss1 11-12 - Copy\Debug\rc.read.1.tlog
C:\Users\Krin\Desktop\ShaderAss1 11-12 - Copy\Debug\rc.write.1.tlog
C:\USERS\KRIN\DESKTOP\SHADERASS1 11-12 - COPY\DEBUG\UTILITY.OBJ
C:\Users\Krin\Desktop\ShaderAss1 11-12 - Copy\Debug\vc100.idb
C:\USERS\KRIN\DESKTOP\SHADERASS1 11-12 - COPY\DEBUG\VC100.PDB
C:\USERS\KRIN\DESKTOP\SHADERASS1 11-12\DEBUG\BASEMATH.OBJ
C:\USERS\KRIN\DESKTOP\SHADERASS1 11-12\DEBUG\CAMERA.OBJ
C:\USERS\KRIN\DESKTOP\SHADERASS1 11-12\DEBUG\CFATALEXCEPTION.OBJ
C:\USERS\KRIN\DESKTOP\SHADERASS1 11-12\DEBUG\CIMPORTXFILE.OBJ
C:\USERS\KRIN\DESKTOP\SHADERASS1 11-12\DEBUG\CMATRIX2X2.OBJ
C:\USERS\KRIN\DESKTOP\SHADERASS1 11-12\DEBUG\CMATRIX3X3.OBJ
C:\USERS\KRIN\DESKTOP\SHADERASS1 11-12\DEBUG\CMATRIX4X4.OBJ
C:\USERS\KRIN\DESKTOP\SHADERASS1 11-12\DEBUG\CQUATERNION.OBJ
C:\USERS\KRIN\DESKTOP\SHADERASS1 11-12\DEBUG\CQUATTRANSFORM.OBJ
C:\USERS\KRIN\DESKTOP\SHADERASS1 11-12\DEBUG\CTIMER.OBJ
C:\USERS\KRIN\DESKTOP\SHADERASS1 11-12\DEBUG\CVECTOR2.OBJ
C:\USERS\KRIN\DESKTOP\SHADERASS1 11-12\DEBUG\CVECTOR3.OBJ
C:\USERS\KRIN\DESKTOP\SHADERASS1 11-12\DEBUG\CVECTOR4.OBJ
C:\USERS\KRIN\DESKTOP\SHADERASS1 11-12\DEBUG\GRAPHICSASSIGN1.EXE
C:\USERS\KRIN\DESKTOP\SHADERASS1 11-12\DEBUG\GRAPHICSASSIGN1.ILK
C:\USERS\KRIN\DESKTOP\SHADERASS1 11-12\DEBUG\GRAPHICSASSIGN1.OBJ
C:\USERS\KRIN\DESKTOP\SHADERASS1 11-12\DEBUG\GRAPHICSASSIGN1.PDB
C:\USERS\KRIN\DESKTOP\SHADERASS1 11-12\DEBUG\GRAPHICSASSIGN1.RES
C:\USERS\KRIN\DESKTOP\SHADERASS1 11-12\DEBUG\INPUT.OBJ
C:\USERS\KRIN\DESKTOP\SHADERASS1 11-12\DEBUG\MATHIO.OBJ
C:\USERS\KRIN\DESKTOP\SHADERASS1 11-12\DEBUG\MODEL.OBJ
C:\USERS\KRIN\DESKTOP\SHADERASS1 11-12\DEBUG\MSDEFINES.OBJ
C:\USERS\KRIN\DESKTOP\SHADERASS1 11-12\DEBUG\UTILITY.OBJ
C:\USERS\KRIN\DESKTOP\SHADERASS1 11-12\DEBUG\VC100.PDB
Debug\GraphicsAssign1.ilk
Debug\GraphicsAssign1.pdb
