Build started 14/10/2012 14:45:22.
     1>Project "C:\Users\Krin\Desktop\ShadowMapping\ShadowMapping_2010.vcxproj" on node 2 (build target(s)).
     1>InitializeBuildStatus:
         Creating "Debug\ShadowMapping.unsuccessfulbuild" because "AlwaysCreate" was specified.
       ClCompile:
         c:\Program Files (x86)\Microsoft Visual Studio 10.0\VC\bin\CL.exe /c /I"C:\Program Files (x86)\Microsoft DirectX SDK (June 2010)\Include" /IHelpers /IImport /IImport\Common /IImport\Math /ZI /nologo /W3 /WX- /Od /Oy- /D WIN32 /D _DEBUG /D DEBUG /D PROFILE /D _WINDOWS /D _VC80_UPGRADE=0x0710 /D _UNICODE /D UNICODE /Gm /EHsc /RTC1 /MTd /GS /fp:precise /Zc:wchar_t /Zc:forScope /Fo"Debug\\" /Fd"Debug\vc100.pdb" /Gd /TP /analyze- /errorReport:prompt ShadowMapping.cpp
         ShadowMapping.cpp
     1>c:\users\krin\desktop\shadowmapping\shadowmapping.cpp(42): warning C4244: 'initializing' : conversion from 'float' to 'int', possible loss of data
       ResourceCompile:
         All outputs are up-to-date.
       Link:
         c:\Program Files (x86)\Microsoft Visual Studio 10.0\VC\bin\link.exe /ERRORREPORT:PROMPT /OUT:"Debug\ShadowMapping.exe" /INCREMENTAL /NOLOGO /LIBPATH:"C:\Program Files (x86)\Microsoft DirectX SDK (June 2010)\Lib\x86" winmm.lib d3d10.lib d3dx10d.lib d3dx9d.lib dxguid.lib kernel32.lib user32.lib gdi32.lib winspool.lib comdlg32.lib advapi32.lib shell32.lib ole32.lib oleaut32.lib uuid.lib odbc32.lib odbccp32.lib /MANIFEST:NO /DEBUG /PDB:"C:\Users\Krin\Desktop\ShadowMapping\Debug\ShadowMapping.pdb" /SUBSYSTEM:WINDOWS /LARGEADDRESSAWARE /TLBID:1 /DYNAMICBASE:NO /IMPLIB:"Debug\ShadowMapping.lib" /MACHINE:X86 Debug\ShadowMapping.res
         Debug\Camera.obj
         Debug\CTimer.obj
         Debug\CImportXFile.obj
         Debug\CFatalException.obj
         Debug\MSDefines.obj
         Debug\Utility.obj
         Debug\BaseMath.obj
         Debug\CMatrix2x2.obj
         Debug\CMatrix3x3.obj
         Debug\CMatrix4x4.obj
         Debug\CQuaternion.obj
         Debug\CQuatTransform.obj
         Debug\CVector2.obj
         Debug\CVector3.obj
         Debug\CVector4.obj
         Debug\MathIO.obj
         Debug\Model.obj
         Debug\ShadowMapping.obj
         Debug\Input.obj
         ShadowMapping_2010.vcxproj -> C:\Users\Krin\Desktop\ShadowMapping\Debug\ShadowMapping.exe
       PostBuildEvent:
         copy "C:\Users\Krin\Desktop\ShadowMapping\ShadowMapping.fx" "C:\Users\Krin\Desktop\ShadowMapping\Debug\"
         :VCEnd
                 1 file(s) copied.
       FinalizeBuildStatus:
         Deleting file "Debug\ShadowMapping.unsuccessfulbuild".
         Touching "Debug\ShadowMapping.lastbuildstate".
     1>Done Building Project "C:\Users\Krin\Desktop\ShadowMapping\ShadowMapping_2010.vcxproj" (build target(s)).

Build succeeded.

Time Elapsed 00:00:01.75
