Build started 14/10/2012 14:43:24.
     1>Project "C:\Users\Krin\Desktop\Project\Programming\Own\22.3.12 Shader\GraphicsAssign1_2010.vcxproj" on node 2 (build target(s)).
     1>InitializeBuildStatus:
         Creating "Release\GraphicsAssign1.unsuccessfulbuild" because "AlwaysCreate" was specified.
       ClCompile:
         All outputs are up-to-date.
       ResourceCompile:
         All outputs are up-to-date.
       Link:
         All outputs are up-to-date.
         GraphicsAssign1_2010.vcxproj -> C:\Users\Krin\Desktop\Project\Programming\Own\22.3.12 Shader\Release\GraphicsAssign1.exe
       PostBuildEvent:
         copy "C:\Users\Krin\Desktop\Project\Programming\Own\22.3.12 Shader\GraphicsAssign1.fx" "C:\Users\Krin\Desktop\Project\Programming\Own\22.3.12 Shader\Release\"
         :VCEnd
                 1 file(s) copied.
       FinalizeBuildStatus:
         Deleting file "Release\GraphicsAssign1.unsuccessfulbuild".
         Touching "Release\GraphicsAssign1.lastbuildstate".
     1>Done Building Project "C:\Users\Krin\Desktop\Project\Programming\Own\22.3.12 Shader\GraphicsAssign1_2010.vcxproj" (build target(s)).

Build succeeded.

Time Elapsed 00:00:00.11
