Build started 31/10/2012 18:26:15.
     1>Project "C:\Users\Krin\Desktop\Project\Programming\Own\ShadowMapping\ShadowMapping_2010.vcxproj" on node 2 (build target(s)).
     1>InitializeBuildStatus:
         Touching "Release\ShadowMapping.unsuccessfulbuild".
       ClCompile:
         c:\Program Files (x86)\Microsoft Visual Studio 10.0\VC\bin\CL.exe /c /I"C:\Program Files (x86)\Microsoft DirectX SDK (June 2010)\Include" /IHelpers /IImport /IImport\Common /IImport\Math /Zi /nologo /W3 /WX- /O2 /Oy- /D WIN32 /D NDEBUG /D _WINDOWS /D _VC80_UPGRADE=0x0710 /D _UNICODE /D UNICODE /Gm- /EHsc /MT /GS /fp:precise /Zc:wchar_t /Zc:forScope /Fo"Release\\" /Fd"Release\vc100.pdb" /Gd /TP /analyze- /errorReport:prompt ShadowMapping.cpp
         ShadowMapping.cpp
     1>ShadowMapping.cpp(33): warning C4244: 'initializing' : conversion from 'float' to 'int', possible loss of data
     1>ShadowMapping.cpp(424): warning C4244: 'argument' : conversion from 'int' to 'FLOAT', possible loss of data
     1>ShadowMapping.cpp(424): warning C4244: 'argument' : conversion from 'int' to 'FLOAT', possible loss of data
     1>ShadowMapping.cpp(424): warning C4244: 'argument' : conversion from 'int' to 'FLOAT', possible loss of data
     1>ShadowMapping.cpp(517): warning C4244: '=' : conversion from 'int' to 'float', possible loss of data
     1>ShadowMapping.cpp(518): warning C4244: '=' : conversion from 'int' to 'float', possible loss of data
     1>ShadowMapping.cpp(519): warning C4244: '=' : conversion from 'int' to 'float', possible loss of data
       ResourceCompile:
         All outputs are up-to-date.
       Link:
         c:\Program Files (x86)\Microsoft Visual Studio 10.0\VC\bin\link.exe /ERRORREPORT:PROMPT /OUT:"Release\ShadowMapping.exe" /INCREMENTAL:NO /NOLOGO /LIBPATH:"C:\Program Files (x86)\Microsoft DirectX SDK (June 2010)\Lib\x86" winmm.lib d3d10.lib d3dx10.lib d3dx9.lib dxguid.lib kernel32.lib user32.lib gdi32.lib winspool.lib comdlg32.lib advapi32.lib shell32.lib ole32.lib oleaut32.lib uuid.lib odbc32.lib odbccp32.lib /MANIFEST:NO /DEBUG /PDB:"C:\Users\Krin\Desktop\Project\Programming\Own\ShadowMapping\Release\ShadowMapping.pdb" /SUBSYSTEM:WINDOWS /LARGEADDRESSAWARE /OPT:REF /OPT:ICF /TLBID:1 /DYNAMICBASE:NO /IMPLIB:"Release\ShadowMapping.lib" /MACHINE:X86 Release\ShadowMapping.res
         Release\Camera.obj
         Release\CTimer.obj
         Release\CImportXFile.obj
         Release\CFatalException.obj
         Release\MSDefines.obj
         Release\Utility.obj
         Release\BaseMath.obj
         Release\CMatrix2x2.obj
         Release\CMatrix3x3.obj
         Release\CMatrix4x4.obj
         Release\CQuaternion.obj
         Release\CQuatTransform.obj
         Release\CVector2.obj
         Release\CVector3.obj
         Release\CVector4.obj
         Release\MathIO.obj
         Release\Model.obj
         Release\CPhoton.obj
         Release\ShadowMapping.obj
         Release\Input.obj
         ShadowMapping_2010.vcxproj -> C:\Users\Krin\Desktop\Project\Programming\Own\ShadowMapping\Release\ShadowMapping.exe
       PostBuildEvent:
         copy "C:\Users\Krin\Desktop\Project\Programming\Own\ShadowMapping\ShadowMapping.fx" "C:\Users\Krin\Desktop\Project\Programming\Own\ShadowMapping\Release\"
         :VCEnd
                 1 file(s) copied.
       FinalizeBuildStatus:
         Deleting file "Release\ShadowMapping.unsuccessfulbuild".
         Touching "Release\ShadowMapping.lastbuildstate".
     1>Done Building Project "C:\Users\Krin\Desktop\Project\Programming\Own\ShadowMapping\ShadowMapping_2010.vcxproj" (build target(s)).

Build succeeded.

Time Elapsed 00:00:01.60
